{"D:\\React_Edureka_Classes\\assignments\\reduxCourseList\\course-test-app\\src\\App.jsx": {"path":"D:\\React_Edureka_Classes\\assignments\\reduxCourseList\\course-test-app\\src\\App.jsx","all":false,"statementMap":{"0":{"start":{"line":1,"column":0},"end":{"line":1,"column":43}},"2":{"start":{"line":3,"column":0},"end":{"line":3,"column":19}},"3":{"start":{"line":4,"column":0},"end":{"line":4,"column":10}},"4":{"start":{"line":5,"column":0},"end":{"line":5,"column":6}},"5":{"start":{"line":6,"column":0},"end":{"line":6,"column":17}},"6":{"start":{"line":7,"column":0},"end":{"line":7,"column":7}},"8":{"start":{"line":9,"column":0},"end":{"line":9,"column":1}},"10":{"start":{"line":11,"column":0},"end":{"line":11,"column":18}}},"s":{"0":1,"2":1,"3":1,"4":1,"5":1,"6":1,"8":1,"10":1},"branchMap":{"0":{"type":"branch","line":3,"loc":{"start":{"line":3,"column":12},"end":{"line":9,"column":1}},"locations":[{"start":{"line":3,"column":12},"end":{"line":9,"column":1}}]}},"b":{"0":[1]},"fnMap":{"0":{"name":"App","decl":{"start":{"line":3,"column":12},"end":{"line":9,"column":1}},"loc":{"start":{"line":3,"column":12},"end":{"line":9,"column":1}},"line":3}},"f":{"0":1}}
,"D:\\React_Edureka_Classes\\assignments\\reduxCourseList\\course-test-app\\src\\main.jsx": {"path":"D:\\React_Edureka_Classes\\assignments\\reduxCourseList\\course-test-app\\src\\main.jsx","all":true,"statementMap":{"0":{"start":{"line":1,"column":0},"end":{"line":1,"column":34}},"1":{"start":{"line":2,"column":0},"end":{"line":2,"column":45}},"2":{"start":{"line":3,"column":0},"end":{"line":3,"column":27}},"3":{"start":{"line":4,"column":0},"end":{"line":4,"column":38}},"4":{"start":{"line":5,"column":0},"end":{"line":5,"column":37}},"6":{"start":{"line":7,"column":0},"end":{"line":7,"column":51}},"7":{"start":{"line":8,"column":0},"end":{"line":8,"column":28}},"8":{"start":{"line":9,"column":0},"end":{"line":9,"column":11}},"9":{"start":{"line":10,"column":0},"end":{"line":10,"column":13}},"10":{"start":{"line":11,"column":0},"end":{"line":11,"column":1}}},"s":{"0":0,"1":0,"2":0,"3":0,"4":0,"6":0,"7":0,"8":0,"9":0,"10":0},"branchMap":{"0":{"type":"branch","line":1,"loc":{"start":{"line":1,"column":272},"end":{"line":11,"column":-214}},"locations":[{"start":{"line":1,"column":272},"end":{"line":11,"column":-214}}]}},"b":{"0":[0]},"fnMap":{"0":{"name":"(empty-report)","decl":{"start":{"line":1,"column":272},"end":{"line":11,"column":-214}},"loc":{"start":{"line":1,"column":272},"end":{"line":11,"column":-214}},"line":1}},"f":{"0":0}}
,"D:\\React_Edureka_Classes\\assignments\\reduxCourseList\\course-test-app\\src\\Components\\Header.jsx": {"path":"D:\\React_Edureka_Classes\\assignments\\reduxCourseList\\course-test-app\\src\\Components\\Header.jsx","all":true,"statementMap":{"0":{"start":{"line":1,"column":0},"end":{"line":1,"column":26}},"1":{"start":{"line":2,"column":0},"end":{"line":2,"column":22}},"2":{"start":{"line":3,"column":0},"end":{"line":3,"column":37}},"5":{"start":{"line":6,"column":0},"end":{"line":6,"column":22}},"7":{"start":{"line":8,"column":0},"end":{"line":8,"column":11}},"8":{"start":{"line":9,"column":0},"end":{"line":9,"column":16}},"9":{"start":{"line":10,"column":0},"end":{"line":10,"column":28}},"10":{"start":{"line":11,"column":0},"end":{"line":11,"column":88}},"11":{"start":{"line":12,"column":0},"end":{"line":12,"column":18}},"12":{"start":{"line":13,"column":0},"end":{"line":13,"column":29}},"13":{"start":{"line":14,"column":0},"end":{"line":14,"column":28}},"14":{"start":{"line":15,"column":0},"end":{"line":15,"column":77}},"15":{"start":{"line":16,"column":0},"end":{"line":16,"column":44}},"16":{"start":{"line":17,"column":0},"end":{"line":17,"column":20}},"17":{"start":{"line":18,"column":0},"end":{"line":18,"column":28}},"18":{"start":{"line":19,"column":0},"end":{"line":19,"column":74}},"19":{"start":{"line":20,"column":0},"end":{"line":20,"column":44}},"20":{"start":{"line":21,"column":0},"end":{"line":21,"column":20}},"21":{"start":{"line":22,"column":0},"end":{"line":22,"column":28}},"22":{"start":{"line":23,"column":0},"end":{"line":23,"column":72}},"23":{"start":{"line":24,"column":0},"end":{"line":24,"column":44}},"24":{"start":{"line":25,"column":0},"end":{"line":25,"column":20}},"25":{"start":{"line":26,"column":0},"end":{"line":26,"column":18}},"26":{"start":{"line":27,"column":0},"end":{"line":27,"column":17}},"28":{"start":{"line":29,"column":0},"end":{"line":29,"column":1}},"30":{"start":{"line":31,"column":0},"end":{"line":31,"column":22}}},"s":{"0":0,"1":0,"2":0,"5":0,"7":0,"8":0,"9":0,"10":0,"11":0,"12":0,"13":0,"14":0,"15":0,"16":0,"17":0,"18":0,"19":0,"20":0,"21":0,"22":0,"23":0,"24":0,"25":0,"26":0,"28":0,"30":0},"branchMap":{"0":{"type":"branch","line":1,"loc":{"start":{"line":1,"column":923},"end":{"line":31,"column":22}},"locations":[{"start":{"line":1,"column":923},"end":{"line":31,"column":22}}]}},"b":{"0":[0]},"fnMap":{"0":{"name":"(empty-report)","decl":{"start":{"line":1,"column":923},"end":{"line":31,"column":22}},"loc":{"start":{"line":1,"column":923},"end":{"line":31,"column":22}},"line":1}},"f":{"0":0}}
,"D:\\React_Edureka_Classes\\assignments\\reduxCourseList\\course-test-app\\src\\Components\\MainOutlet.jsx": {"path":"D:\\React_Edureka_Classes\\assignments\\reduxCourseList\\course-test-app\\src\\Components\\MainOutlet.jsx","all":false,"statementMap":{"0":{"start":{"line":1,"column":0},"end":{"line":1,"column":42}},"2":{"start":{"line":3,"column":0},"end":{"line":3,"column":26}},"3":{"start":{"line":4,"column":0},"end":{"line":4,"column":11}},"4":{"start":{"line":5,"column":0},"end":{"line":5,"column":17}},"6":{"start":{"line":7,"column":0},"end":{"line":7,"column":1}},"8":{"start":{"line":9,"column":0},"end":{"line":9,"column":25}}},"s":{"0":1,"2":1,"3":1,"4":1,"6":1,"8":1},"branchMap":{"0":{"type":"branch","line":3,"loc":{"start":{"line":3,"column":19},"end":{"line":7,"column":1}},"locations":[{"start":{"line":3,"column":19},"end":{"line":7,"column":1}}]}},"b":{"0":[1]},"fnMap":{"0":{"name":"MainOutlet","decl":{"start":{"line":3,"column":19},"end":{"line":7,"column":1}},"loc":{"start":{"line":3,"column":19},"end":{"line":7,"column":1}},"line":3}},"f":{"0":1}}
,"D:\\React_Edureka_Classes\\assignments\\reduxCourseList\\course-test-app\\src\\Components\\Routing.jsx": {"path":"D:\\React_Edureka_Classes\\assignments\\reduxCourseList\\course-test-app\\src\\Components\\Routing.jsx","all":false,"statementMap":{"0":{"start":{"line":1,"column":0},"end":{"line":1,"column":73}},"1":{"start":{"line":2,"column":0},"end":{"line":2,"column":38}},"2":{"start":{"line":3,"column":0},"end":{"line":3,"column":31}},"3":{"start":{"line":4,"column":0},"end":{"line":4,"column":52}},"4":{"start":{"line":5,"column":0},"end":{"line":5,"column":55}},"6":{"start":{"line":7,"column":0},"end":{"line":7,"column":46}},"8":{"start":{"line":9,"column":0},"end":{"line":9,"column":23}},"9":{"start":{"line":10,"column":0},"end":{"line":10,"column":12}},"10":{"start":{"line":11,"column":0},"end":{"line":11,"column":10}},"11":{"start":{"line":12,"column":0},"end":{"line":12,"column":91}},"12":{"start":{"line":13,"column":0},"end":{"line":13,"column":49}},"13":{"start":{"line":14,"column":0},"end":{"line":14,"column":68}},"14":{"start":{"line":15,"column":0},"end":{"line":15,"column":204}},"15":{"start":{"line":16,"column":0},"end":{"line":16,"column":69}},"16":{"start":{"line":17,"column":0},"end":{"line":17,"column":29}},"17":{"start":{"line":18,"column":0},"end":{"line":18,"column":78}},"18":{"start":{"line":19,"column":0},"end":{"line":19,"column":72}},"19":{"start":{"line":20,"column":0},"end":{"line":20,"column":53}},"20":{"start":{"line":21,"column":0},"end":{"line":21,"column":100}},"21":{"start":{"line":22,"column":0},"end":{"line":22,"column":33}},"22":{"start":{"line":23,"column":0},"end":{"line":23,"column":53}},"23":{"start":{"line":24,"column":0},"end":{"line":24,"column":77}},"24":{"start":{"line":25,"column":0},"end":{"line":25,"column":33}},"25":{"start":{"line":26,"column":0},"end":{"line":26,"column":53}},"26":{"start":{"line":27,"column":0},"end":{"line":27,"column":76}},"27":{"start":{"line":28,"column":0},"end":{"line":28,"column":33}},"28":{"start":{"line":29,"column":0},"end":{"line":29,"column":29}},"29":{"start":{"line":30,"column":0},"end":{"line":30,"column":54}},"31":{"start":{"line":32,"column":0},"end":{"line":32,"column":31}},"32":{"start":{"line":33,"column":0},"end":{"line":33,"column":26}},"33":{"start":{"line":34,"column":0},"end":{"line":34,"column":22}},"34":{"start":{"line":35,"column":0},"end":{"line":35,"column":18}},"35":{"start":{"line":36,"column":0},"end":{"line":36,"column":27}},"36":{"start":{"line":37,"column":0},"end":{"line":37,"column":24}},"37":{"start":{"line":38,"column":0},"end":{"line":38,"column":61}},"38":{"start":{"line":39,"column":0},"end":{"line":39,"column":58}},"39":{"start":{"line":40,"column":0},"end":{"line":40,"column":78}},"40":{"start":{"line":41,"column":0},"end":{"line":41,"column":80}},"41":{"start":{"line":42,"column":0},"end":{"line":42,"column":65}},"42":{"start":{"line":43,"column":0},"end":{"line":43,"column":28}},"43":{"start":{"line":44,"column":0},"end":{"line":44,"column":25}},"44":{"start":{"line":45,"column":0},"end":{"line":45,"column":28}},"45":{"start":{"line":46,"column":0},"end":{"line":46,"column":11}},"47":{"start":{"line":48,"column":0},"end":{"line":48,"column":1}},"49":{"start":{"line":50,"column":0},"end":{"line":50,"column":23}}},"s":{"0":1,"1":1,"2":1,"3":1,"4":1,"6":1,"8":1,"9":1,"10":1,"11":1,"12":1,"13":1,"14":1,"15":1,"16":1,"17":1,"18":1,"19":1,"20":1,"21":1,"22":1,"23":1,"24":1,"25":1,"26":1,"27":1,"28":1,"29":1,"31":1,"32":1,"33":1,"34":1,"35":1,"36":1,"37":1,"38":1,"39":1,"40":1,"41":1,"42":1,"43":1,"44":1,"45":1,"47":1,"49":1},"branchMap":{"0":{"type":"branch","line":9,"loc":{"start":{"line":9,"column":16},"end":{"line":48,"column":1}},"locations":[{"start":{"line":9,"column":16},"end":{"line":48,"column":1}}]}},"b":{"0":[1]},"fnMap":{"0":{"name":"NotFound","decl":{"start":{"line":7,"column":17},"end":{"line":7,"column":46}},"loc":{"start":{"line":7,"column":17},"end":{"line":7,"column":46}},"line":7},"1":{"name":"Routing","decl":{"start":{"line":9,"column":16},"end":{"line":48,"column":1}},"loc":{"start":{"line":9,"column":16},"end":{"line":48,"column":1}},"line":9}},"f":{"0":0,"1":1}}
,"D:\\React_Edureka_Classes\\assignments\\reduxCourseList\\course-test-app\\src\\Components\\EnquiryForm\\EnquiryForm.jsx": {"path":"D:\\React_Edureka_Classes\\assignments\\reduxCourseList\\course-test-app\\src\\Components\\EnquiryForm\\EnquiryForm.jsx","all":false,"statementMap":{"0":{"start":{"line":1,"column":0},"end":{"line":1,"column":40}},"1":{"start":{"line":2,"column":0},"end":{"line":2,"column":64}},"2":{"start":{"line":3,"column":0},"end":{"line":3,"column":42}},"3":{"start":{"line":4,"column":0},"end":{"line":4,"column":61}},"5":{"start":{"line":6,"column":0},"end":{"line":6,"column":27}},"7":{"start":{"line":8,"column":0},"end":{"line":8,"column":33}},"8":{"start":{"line":9,"column":0},"end":{"line":9,"column":43}},"9":{"start":{"line":10,"column":0},"end":{"line":10,"column":33}},"11":{"start":{"line":12,"column":0},"end":{"line":12,"column":48}},"12":{"start":{"line":13,"column":0},"end":{"line":13,"column":13}},"13":{"start":{"line":14,"column":0},"end":{"line":14,"column":20}},"14":{"start":{"line":15,"column":0},"end":{"line":15,"column":14}},"15":{"start":{"line":16,"column":0},"end":{"line":16,"column":23}},"16":{"start":{"line":17,"column":0},"end":{"line":17,"column":19}},"17":{"start":{"line":18,"column":0},"end":{"line":18,"column":13}},"18":{"start":{"line":19,"column":0},"end":{"line":19,"column":15}},"19":{"start":{"line":20,"column":0},"end":{"line":20,"column":16}},"20":{"start":{"line":21,"column":0},"end":{"line":21,"column":21}},"21":{"start":{"line":22,"column":0},"end":{"line":22,"column":5}},"22":{"start":{"line":23,"column":0},"end":{"line":23,"column":5}},"24":{"start":{"line":25,"column":0},"end":{"line":25,"column":36}},"26":{"start":{"line":27,"column":0},"end":{"line":27,"column":41}},"28":{"start":{"line":29,"column":0},"end":{"line":29,"column":33}},"29":{"start":{"line":30,"column":0},"end":{"line":30,"column":19}},"30":{"start":{"line":31,"column":0},"end":{"line":31,"column":20}},"31":{"start":{"line":32,"column":0},"end":{"line":32,"column":15}},"32":{"start":{"line":33,"column":0},"end":{"line":33,"column":37}},"33":{"start":{"line":34,"column":0},"end":{"line":34,"column":7}},"34":{"start":{"line":35,"column":0},"end":{"line":35,"column":8}},"35":{"start":{"line":36,"column":0},"end":{"line":36,"column":3}},"37":{"start":{"line":38,"column":0},"end":{"line":38,"column":33}},"39":{"start":{"line":40,"column":0},"end":{"line":40,"column":27}},"41":{"start":{"line":42,"column":0},"end":{"line":42,"column":59}},"44":{"start":{"line":45,"column":0},"end":{"line":45,"column":23}},"45":{"start":{"line":46,"column":0},"end":{"line":46,"column":33}},"46":{"start":{"line":47,"column":0},"end":{"line":47,"column":29}},"47":{"start":{"line":48,"column":0},"end":{"line":48,"column":55}},"48":{"start":{"line":49,"column":0},"end":{"line":49,"column":7}},"49":{"start":{"line":50,"column":0},"end":{"line":50,"column":5}},"51":{"start":{"line":52,"column":0},"end":{"line":52,"column":33}},"52":{"start":{"line":53,"column":0},"end":{"line":53,"column":19}},"53":{"start":{"line":54,"column":0},"end":{"line":54,"column":15}},"54":{"start":{"line":55,"column":0},"end":{"line":55,"column":28}},"55":{"start":{"line":56,"column":0},"end":{"line":56,"column":20}},"56":{"start":{"line":57,"column":0},"end":{"line":57,"column":7}},"57":{"start":{"line":58,"column":0},"end":{"line":58,"column":8}},"59":{"start":{"line":60,"column":0},"end":{"line":60,"column":33}},"60":{"start":{"line":61,"column":0},"end":{"line":61,"column":67}},"61":{"start":{"line":62,"column":0},"end":{"line":62,"column":41}},"75":{"start":{"line":76,"column":0},"end":{"line":76,"column":42}},"77":{"start":{"line":78,"column":0},"end":{"line":78,"column":21}},"78":{"start":{"line":79,"column":0},"end":{"line":79,"column":17}},"79":{"start":{"line":80,"column":0},"end":{"line":80,"column":24}},"80":{"start":{"line":81,"column":0},"end":{"line":81,"column":18}},"81":{"start":{"line":82,"column":0},"end":{"line":82,"column":23}},"82":{"start":{"line":83,"column":0},"end":{"line":83,"column":27}},"83":{"start":{"line":84,"column":0},"end":{"line":84,"column":17}},"84":{"start":{"line":85,"column":0},"end":{"line":85,"column":19}},"85":{"start":{"line":86,"column":0},"end":{"line":86,"column":20}},"86":{"start":{"line":87,"column":0},"end":{"line":87,"column":25}},"87":{"start":{"line":88,"column":0},"end":{"line":88,"column":9}},"88":{"start":{"line":89,"column":0},"end":{"line":89,"column":9}},"90":{"start":{"line":91,"column":0},"end":{"line":91,"column":51}},"92":{"start":{"line":93,"column":0},"end":{"line":93,"column":6}},"93":{"start":{"line":94,"column":0},"end":{"line":94,"column":3}},"96":{"start":{"line":97,"column":0},"end":{"line":97,"column":37}},"97":{"start":{"line":98,"column":0},"end":{"line":98,"column":19}},"98":{"start":{"line":99,"column":0},"end":{"line":99,"column":18}},"99":{"start":{"line":100,"column":0},"end":{"line":100,"column":21}},"100":{"start":{"line":101,"column":0},"end":{"line":101,"column":42}},"101":{"start":{"line":102,"column":0},"end":{"line":102,"column":50}},"102":{"start":{"line":103,"column":0},"end":{"line":103,"column":49}},"103":{"start":{"line":104,"column":0},"end":{"line":104,"column":16}},"104":{"start":{"line":105,"column":0},"end":{"line":105,"column":20}},"105":{"start":{"line":106,"column":0},"end":{"line":106,"column":9}},"106":{"start":{"line":107,"column":0},"end":{"line":107,"column":25}},"107":{"start":{"line":108,"column":0},"end":{"line":108,"column":49}},"108":{"start":{"line":109,"column":0},"end":{"line":109,"column":51}},"109":{"start":{"line":110,"column":0},"end":{"line":110,"column":9}},"110":{"start":{"line":111,"column":0},"end":{"line":111,"column":14}},"111":{"start":{"line":112,"column":0},"end":{"line":112,"column":19}},"112":{"start":{"line":113,"column":0},"end":{"line":113,"column":21}},"113":{"start":{"line":114,"column":0},"end":{"line":114,"column":37}},"114":{"start":{"line":115,"column":0},"end":{"line":115,"column":19}},"115":{"start":{"line":116,"column":0},"end":{"line":116,"column":23}},"116":{"start":{"line":117,"column":0},"end":{"line":117,"column":89}},"117":{"start":{"line":118,"column":0},"end":{"line":118,"column":11}},"118":{"start":{"line":119,"column":0},"end":{"line":119,"column":11}},"119":{"start":{"line":120,"column":0},"end":{"line":120,"column":47}},"120":{"start":{"line":121,"column":0},"end":{"line":121,"column":16}},"121":{"start":{"line":122,"column":0},"end":{"line":122,"column":20}},"122":{"start":{"line":123,"column":0},"end":{"line":123,"column":9}},"123":{"start":{"line":124,"column":0},"end":{"line":124,"column":22}},"124":{"start":{"line":125,"column":0},"end":{"line":125,"column":21}},"125":{"start":{"line":126,"column":0},"end":{"line":126,"column":40}},"126":{"start":{"line":127,"column":0},"end":{"line":127,"column":59}},"127":{"start":{"line":128,"column":0},"end":{"line":128,"column":52}},"128":{"start":{"line":129,"column":0},"end":{"line":129,"column":44}},"129":{"start":{"line":130,"column":0},"end":{"line":130,"column":58}},"130":{"start":{"line":131,"column":0},"end":{"line":131,"column":44}},"131":{"start":{"line":132,"column":0},"end":{"line":132,"column":58}},"132":{"start":{"line":133,"column":0},"end":{"line":133,"column":44}},"133":{"start":{"line":134,"column":0},"end":{"line":134,"column":52}},"134":{"start":{"line":135,"column":0},"end":{"line":135,"column":16}},"135":{"start":{"line":136,"column":0},"end":{"line":136,"column":20}},"136":{"start":{"line":137,"column":0},"end":{"line":137,"column":9}},"137":{"start":{"line":138,"column":0},"end":{"line":138,"column":16}},"138":{"start":{"line":139,"column":0},"end":{"line":139,"column":18}},"139":{"start":{"line":140,"column":0},"end":{"line":140,"column":7}},"140":{"start":{"line":141,"column":0},"end":{"line":141,"column":5}},"141":{"start":{"line":142,"column":0},"end":{"line":142,"column":4}},"143":{"start":{"line":144,"column":0},"end":{"line":144,"column":10}},"144":{"start":{"line":145,"column":0},"end":{"line":145,"column":31}},"145":{"start":{"line":146,"column":0},"end":{"line":146,"column":28}},"146":{"start":{"line":147,"column":0},"end":{"line":147,"column":49}},"147":{"start":{"line":148,"column":0},"end":{"line":148,"column":77}},"148":{"start":{"line":149,"column":0},"end":{"line":149,"column":14}},"149":{"start":{"line":150,"column":0},"end":{"line":150,"column":35}},"150":{"start":{"line":151,"column":0},"end":{"line":151,"column":28}},"151":{"start":{"line":152,"column":0},"end":{"line":152,"column":40}},"152":{"start":{"line":153,"column":0},"end":{"line":153,"column":42}},"153":{"start":{"line":154,"column":0},"end":{"line":154,"column":44}},"154":{"start":{"line":155,"column":0},"end":{"line":155,"column":37}},"155":{"start":{"line":156,"column":0},"end":{"line":156,"column":61}},"156":{"start":{"line":157,"column":0},"end":{"line":157,"column":74}},"157":{"start":{"line":158,"column":0},"end":{"line":158,"column":47}},"158":{"start":{"line":159,"column":0},"end":{"line":159,"column":79}},"159":{"start":{"line":160,"column":0},"end":{"line":160,"column":22}},"160":{"start":{"line":161,"column":0},"end":{"line":161,"column":44}},"161":{"start":{"line":162,"column":0},"end":{"line":162,"column":45}},"162":{"start":{"line":163,"column":0},"end":{"line":163,"column":61}},"163":{"start":{"line":164,"column":0},"end":{"line":164,"column":69}},"164":{"start":{"line":165,"column":0},"end":{"line":165,"column":46}},"165":{"start":{"line":166,"column":0},"end":{"line":166,"column":47}},"166":{"start":{"line":167,"column":0},"end":{"line":167,"column":86}},"167":{"start":{"line":168,"column":0},"end":{"line":168,"column":22}},"168":{"start":{"line":169,"column":0},"end":{"line":169,"column":44}},"169":{"start":{"line":170,"column":0},"end":{"line":170,"column":38}},"170":{"start":{"line":171,"column":0},"end":{"line":171,"column":62}},"171":{"start":{"line":172,"column":0},"end":{"line":172,"column":57}},"172":{"start":{"line":173,"column":0},"end":{"line":173,"column":39}},"173":{"start":{"line":174,"column":0},"end":{"line":174,"column":47}},"174":{"start":{"line":175,"column":0},"end":{"line":175,"column":80}},"175":{"start":{"line":176,"column":0},"end":{"line":176,"column":22}},"176":{"start":{"line":177,"column":0},"end":{"line":177,"column":44}},"177":{"start":{"line":178,"column":0},"end":{"line":178,"column":51}},"178":{"start":{"line":179,"column":0},"end":{"line":179,"column":52}},"179":{"start":{"line":180,"column":0},"end":{"line":180,"column":75}},"180":{"start":{"line":181,"column":0},"end":{"line":181,"column":52}},"181":{"start":{"line":182,"column":0},"end":{"line":182,"column":47}},"182":{"start":{"line":183,"column":0},"end":{"line":183,"column":22}},"183":{"start":{"line":184,"column":0},"end":{"line":184,"column":65}},"184":{"start":{"line":185,"column":0},"end":{"line":185,"column":54}},"185":{"start":{"line":186,"column":0},"end":{"line":186,"column":21}},"186":{"start":{"line":187,"column":0},"end":{"line":187,"column":18}},"187":{"start":{"line":188,"column":0},"end":{"line":188,"column":16}},"188":{"start":{"line":189,"column":0},"end":{"line":189,"column":14}},"189":{"start":{"line":190,"column":0},"end":{"line":190,"column":12}},"190":{"start":{"line":191,"column":0},"end":{"line":191,"column":10}},"193":{"start":{"line":194,"column":0},"end":{"line":194,"column":1}},"195":{"start":{"line":196,"column":0},"end":{"line":196,"column":27}}},"s":{"0":1,"1":1,"2":1,"3":1,"5":1,"7":60,"8":60,"9":60,"11":60,"12":60,"13":60,"14":60,"15":60,"16":60,"17":60,"18":60,"19":60,"20":60,"21":60,"22":60,"24":60,"26":55,"28":55,"29":55,"30":55,"31":55,"32":55,"33":55,"34":55,"35":55,"37":60,"39":2,"41":2,"44":2,"45":2,"46":12,"47":10,"48":10,"49":12,"51":2,"52":2,"53":2,"54":2,"55":2,"56":2,"57":2,"59":2,"60":1,"61":2,"75":1,"77":1,"78":1,"79":1,"80":1,"81":1,"82":1,"83":1,"84":1,"85":1,"86":1,"87":1,"88":1,"90":1,"92":1,"93":2,"96":60,"97":65,"98":65,"99":6,"100":1,"101":6,"102":0,"103":5,"104":5,"105":5,"106":65,"107":12,"108":2,"109":2,"110":10,"111":65,"112":16,"113":1,"114":1,"115":15,"116":15,"117":15,"118":15,"119":12,"120":15,"121":3,"122":3,"123":65,"124":0,"125":0,"126":0,"127":0,"128":0,"129":0,"130":0,"131":0,"132":0,"133":0,"134":0,"135":0,"136":0,"137":65,"138":31,"139":31,"140":65,"141":65,"143":60,"144":60,"145":60,"146":60,"147":60,"148":60,"149":60,"150":60,"151":60,"152":60,"153":60,"154":60,"155":60,"156":60,"157":60,"158":60,"159":60,"160":60,"161":60,"162":60,"163":60,"164":60,"165":60,"166":60,"167":60,"168":60,"169":60,"170":60,"171":60,"172":60,"173":60,"174":60,"175":60,"176":60,"177":60,"178":60,"179":60,"180":60,"181":60,"182":60,"183":60,"184":60,"185":60,"186":60,"187":60,"188":60,"189":60,"190":60,"193":60,"195":1},"branchMap":{"0":{"type":"branch","line":6,"loc":{"start":{"line":6,"column":20},"end":{"line":194,"column":1}},"locations":[{"start":{"line":6,"column":20},"end":{"line":194,"column":1}}]},"1":{"type":"branch","line":25,"loc":{"start":{"line":25,"column":24},"end":{"line":36,"column":3}},"locations":[{"start":{"line":25,"column":24},"end":{"line":36,"column":3}}]},"2":{"type":"branch","line":29,"loc":{"start":{"line":29,"column":18},"end":{"line":35,"column":6}},"locations":[{"start":{"line":29,"column":18},"end":{"line":35,"column":6}}]},"3":{"type":"branch","line":38,"loc":{"start":{"line":38,"column":21},"end":{"line":94,"column":3}},"locations":[{"start":{"line":38,"column":21},"end":{"line":94,"column":3}}]},"4":{"type":"branch","line":46,"loc":{"start":{"line":46,"column":32},"end":{"line":50,"column":5}},"locations":[{"start":{"line":46,"column":32},"end":{"line":50,"column":5}}]},"5":{"type":"branch","line":47,"loc":{"start":{"line":47,"column":28},"end":{"line":49,"column":7}},"locations":[{"start":{"line":47,"column":28},"end":{"line":49,"column":7}}]},"6":{"type":"branch","line":60,"loc":{"start":{"line":60,"column":28},"end":{"line":61,"column":67}},"locations":[{"start":{"line":60,"column":28},"end":{"line":61,"column":67}}]},"7":{"type":"branch","line":61,"loc":{"start":{"line":61,"column":28},"end":{"line":61,"column":67}},"locations":[{"start":{"line":61,"column":28},"end":{"line":61,"column":67}}]},"8":{"type":"branch","line":61,"loc":{"start":{"line":61,"column":61},"end":{"line":62,"column":40}},"locations":[{"start":{"line":61,"column":61},"end":{"line":62,"column":40}}]},"9":{"type":"branch","line":62,"loc":{"start":{"line":62,"column":40},"end":{"line":93,"column":6}},"locations":[{"start":{"line":62,"column":40},"end":{"line":93,"column":6}}]},"10":{"type":"branch","line":52,"loc":{"start":{"line":52,"column":18},"end":{"line":58,"column":6}},"locations":[{"start":{"line":52,"column":18},"end":{"line":58,"column":6}}]},"11":{"type":"branch","line":97,"loc":{"start":{"line":97,"column":19},"end":{"line":142,"column":4}},"locations":[{"start":{"line":97,"column":19},"end":{"line":142,"column":4}}]},"12":{"type":"branch","line":99,"loc":{"start":{"line":99,"column":6},"end":{"line":106,"column":9}},"locations":[{"start":{"line":99,"column":6},"end":{"line":106,"column":9}}]},"13":{"type":"branch","line":100,"loc":{"start":{"line":100,"column":20},"end":{"line":102,"column":19}},"locations":[{"start":{"line":100,"column":20},"end":{"line":102,"column":19}}]},"14":{"type":"branch","line":102,"loc":{"start":{"line":102,"column":8},"end":{"line":106,"column":9}},"locations":[{"start":{"line":102,"column":8},"end":{"line":106,"column":9}}]},"15":{"type":"branch","line":102,"loc":{"start":{"line":102,"column":49},"end":{"line":104,"column":15}},"locations":[{"start":{"line":102,"column":49},"end":{"line":104,"column":15}}]},"16":{"type":"branch","line":107,"loc":{"start":{"line":107,"column":6},"end":{"line":111,"column":14}},"locations":[{"start":{"line":107,"column":6},"end":{"line":111,"column":14}}]},"17":{"type":"branch","line":108,"loc":{"start":{"line":108,"column":48},"end":{"line":110,"column":9}},"locations":[{"start":{"line":108,"column":48},"end":{"line":110,"column":9}}]},"18":{"type":"branch","line":110,"loc":{"start":{"line":110,"column":8},"end":{"line":111,"column":14}},"locations":[{"start":{"line":110,"column":8},"end":{"line":111,"column":14}}]},"19":{"type":"branch","line":112,"loc":{"start":{"line":112,"column":6},"end":{"line":123,"column":9}},"locations":[{"start":{"line":112,"column":6},"end":{"line":123,"column":9}}]},"20":{"type":"branch","line":113,"loc":{"start":{"line":113,"column":20},"end":{"line":115,"column":19}},"locations":[{"start":{"line":113,"column":20},"end":{"line":115,"column":19}}]},"21":{"type":"branch","line":115,"loc":{"start":{"line":115,"column":8},"end":{"line":123,"column":9}},"locations":[{"start":{"line":115,"column":8},"end":{"line":123,"column":9}}]},"22":{"type":"branch","line":119,"loc":{"start":{"line":119,"column":10},"end":{"line":121,"column":15}},"locations":[{"start":{"line":119,"column":10},"end":{"line":121,"column":15}}]},"23":{"type":"branch","line":121,"loc":{"start":{"line":121,"column":8},"end":{"line":123,"column":9}},"locations":[{"start":{"line":121,"column":8},"end":{"line":123,"column":9}}]},"24":{"type":"branch","line":124,"loc":{"start":{"line":124,"column":6},"end":{"line":137,"column":9}},"locations":[{"start":{"line":124,"column":6},"end":{"line":137,"column":9}}]},"25":{"type":"branch","line":138,"loc":{"start":{"line":138,"column":6},"end":{"line":140,"column":7}},"locations":[{"start":{"line":138,"column":6},"end":{"line":140,"column":7}}]}},"b":{"0":[60],"1":[55],"2":[55],"3":[2],"4":[12],"5":[10],"6":[1],"7":[0],"8":[1],"9":[1],"10":[2],"11":[65],"12":[6],"13":[1],"14":[5],"15":[0],"16":[12],"17":[2],"18":[10],"19":[16],"20":[1],"21":[15],"22":[12],"23":[3],"24":[0],"25":[31]},"fnMap":{"0":{"name":"EnquiryForm","decl":{"start":{"line":6,"column":20},"end":{"line":194,"column":1}},"loc":{"start":{"line":6,"column":20},"end":{"line":194,"column":1}},"line":6},"1":{"name":"handleInquiry","decl":{"start":{"line":25,"column":24},"end":{"line":36,"column":3}},"loc":{"start":{"line":25,"column":24},"end":{"line":36,"column":3}},"line":25},"2":{"name":"submitForm","decl":{"start":{"line":38,"column":21},"end":{"line":94,"column":3}},"loc":{"start":{"line":38,"column":21},"end":{"line":94,"column":3}},"line":38},"3":{"name":"validate","decl":{"start":{"line":97,"column":19},"end":{"line":142,"column":4}},"loc":{"start":{"line":97,"column":19},"end":{"line":142,"column":4}},"line":97}},"f":{"0":60,"1":55,"2":2,"3":65}}
,"D:\\React_Edureka_Classes\\assignments\\reduxCourseList\\course-test-app\\src\\Components\\Home\\Home.jsx": {"path":"D:\\React_Edureka_Classes\\assignments\\reduxCourseList\\course-test-app\\src\\Components\\Home\\Home.jsx","all":false,"statementMap":{"0":{"start":{"line":1,"column":0},"end":{"line":1,"column":26}},"1":{"start":{"line":2,"column":0},"end":{"line":2,"column":20}},"2":{"start":{"line":3,"column":0},"end":{"line":3,"column":53}},"4":{"start":{"line":5,"column":0},"end":{"line":5,"column":20}},"6":{"start":{"line":7,"column":0},"end":{"line":7,"column":12}},"7":{"start":{"line":8,"column":0},"end":{"line":8,"column":13}},"8":{"start":{"line":9,"column":0},"end":{"line":9,"column":20}},"9":{"start":{"line":10,"column":0},"end":{"line":10,"column":40}},"10":{"start":{"line":11,"column":0},"end":{"line":11,"column":21}},"11":{"start":{"line":12,"column":0},"end":{"line":12,"column":27}},"12":{"start":{"line":13,"column":0},"end":{"line":13,"column":14}},"14":{"start":{"line":15,"column":0},"end":{"line":15,"column":1}},"16":{"start":{"line":17,"column":0},"end":{"line":17,"column":20}}},"s":{"0":1,"1":1,"2":1,"4":1,"6":1,"7":1,"8":1,"9":1,"10":1,"11":1,"12":1,"14":1,"16":1},"branchMap":{"0":{"type":"branch","line":5,"loc":{"start":{"line":5,"column":13},"end":{"line":15,"column":1}},"locations":[{"start":{"line":5,"column":13},"end":{"line":15,"column":1}}]}},"b":{"0":[1]},"fnMap":{"0":{"name":"Home","decl":{"start":{"line":5,"column":13},"end":{"line":15,"column":1}},"loc":{"start":{"line":5,"column":13},"end":{"line":15,"column":1}},"line":5}},"f":{"0":1}}
,"D:\\React_Edureka_Classes\\assignments\\reduxCourseList\\course-test-app\\src\\Components\\ListCourses\\ListCourses.jsx": {"path":"D:\\React_Edureka_Classes\\assignments\\reduxCourseList\\course-test-app\\src\\Components\\ListCourses\\ListCourses.jsx","all":false,"statementMap":{"0":{"start":{"line":1,"column":0},"end":{"line":1,"column":41}},"1":{"start":{"line":2,"column":0},"end":{"line":2,"column":47}},"2":{"start":{"line":3,"column":0},"end":{"line":3,"column":55}},"3":{"start":{"line":4,"column":0},"end":{"line":4,"column":79}},"5":{"start":{"line":6,"column":0},"end":{"line":6,"column":27}},"7":{"start":{"line":8,"column":0},"end":{"line":8,"column":46}},"8":{"start":{"line":9,"column":0},"end":{"line":9,"column":35}},"9":{"start":{"line":10,"column":0},"end":{"line":10,"column":54}},"10":{"start":{"line":11,"column":0},"end":{"line":11,"column":36}},"13":{"start":{"line":14,"column":0},"end":{"line":14,"column":19}},"14":{"start":{"line":15,"column":0},"end":{"line":15,"column":31}},"15":{"start":{"line":16,"column":0},"end":{"line":16,"column":20}},"17":{"start":{"line":18,"column":0},"end":{"line":18,"column":19}},"18":{"start":{"line":19,"column":0},"end":{"line":19,"column":36}},"19":{"start":{"line":20,"column":0},"end":{"line":20,"column":18}},"21":{"start":{"line":22,"column":0},"end":{"line":22,"column":39}},"22":{"start":{"line":23,"column":0},"end":{"line":23,"column":18}},"23":{"start":{"line":24,"column":0},"end":{"line":24,"column":40}},"24":{"start":{"line":25,"column":0},"end":{"line":25,"column":100}},"25":{"start":{"line":26,"column":0},"end":{"line":26,"column":47}},"26":{"start":{"line":27,"column":0},"end":{"line":27,"column":85}},"27":{"start":{"line":28,"column":0},"end":{"line":28,"column":26}},"28":{"start":{"line":29,"column":0},"end":{"line":29,"column":80}},"29":{"start":{"line":30,"column":0},"end":{"line":30,"column":51}},"30":{"start":{"line":31,"column":0},"end":{"line":31,"column":26}},"31":{"start":{"line":32,"column":0},"end":{"line":32,"column":28}},"32":{"start":{"line":33,"column":0},"end":{"line":33,"column":59}},"33":{"start":{"line":34,"column":0},"end":{"line":34,"column":110}},"35":{"start":{"line":36,"column":0},"end":{"line":36,"column":33}},"36":{"start":{"line":37,"column":0},"end":{"line":37,"column":29}},"37":{"start":{"line":38,"column":0},"end":{"line":38,"column":23}},"38":{"start":{"line":39,"column":0},"end":{"line":39,"column":15}},"39":{"start":{"line":40,"column":0},"end":{"line":40,"column":9}},"40":{"start":{"line":41,"column":0},"end":{"line":41,"column":5}},"41":{"start":{"line":42,"column":0},"end":{"line":42,"column":11}},"42":{"start":{"line":43,"column":0},"end":{"line":43,"column":13}},"43":{"start":{"line":44,"column":0},"end":{"line":44,"column":39}},"44":{"start":{"line":45,"column":0},"end":{"line":45,"column":41}},"45":{"start":{"line":46,"column":0},"end":{"line":46,"column":18}},"46":{"start":{"line":47,"column":0},"end":{"line":47,"column":14}},"48":{"start":{"line":49,"column":0},"end":{"line":49,"column":1}},"50":{"start":{"line":51,"column":0},"end":{"line":51,"column":27}}},"s":{"0":1,"1":1,"2":1,"3":1,"5":1,"7":4,"8":4,"9":4,"10":4,"13":4,"14":2,"15":4,"17":4,"18":2,"19":4,"21":4,"22":4,"23":4,"24":1,"25":1,"26":1,"27":1,"28":1,"29":1,"30":1,"31":1,"32":1,"33":1,"35":1,"36":1,"37":1,"38":4,"39":4,"40":4,"41":4,"42":4,"43":4,"44":4,"45":4,"46":4,"48":4,"50":1},"branchMap":{"0":{"type":"branch","line":6,"loc":{"start":{"line":6,"column":20},"end":{"line":49,"column":1}},"locations":[{"start":{"line":6,"column":20},"end":{"line":49,"column":1}}]},"1":{"type":"branch","line":14,"loc":{"start":{"line":14,"column":14},"end":{"line":16,"column":6}},"locations":[{"start":{"line":14,"column":14},"end":{"line":16,"column":6}}]},"2":{"type":"branch","line":18,"loc":{"start":{"line":18,"column":14},"end":{"line":20,"column":6}},"locations":[{"start":{"line":18,"column":14},"end":{"line":20,"column":6}}]},"3":{"type":"branch","line":22,"loc":{"start":{"line":22,"column":27},"end":{"line":41,"column":5}},"locations":[{"start":{"line":22,"column":27},"end":{"line":41,"column":5}}]},"4":{"type":"branch","line":24,"loc":{"start":{"line":24,"column":29},"end":{"line":39,"column":13}},"locations":[{"start":{"line":24,"column":29},"end":{"line":39,"column":13}}]}},"b":{"0":[4],"1":[2],"2":[2],"3":[4],"4":[1]},"fnMap":{"0":{"name":"ListCourses","decl":{"start":{"line":6,"column":20},"end":{"line":49,"column":1}},"loc":{"start":{"line":6,"column":20},"end":{"line":49,"column":1}},"line":6},"1":{"name":"displayCourses","decl":{"start":{"line":22,"column":27},"end":{"line":41,"column":5}},"loc":{"start":{"line":22,"column":27},"end":{"line":41,"column":5}},"line":22},"2":{"name":"onClick","decl":{"start":{"line":34,"column":37},"end":{"line":34,"column":110}},"loc":{"start":{"line":34,"column":37},"end":{"line":34,"column":110}},"line":34}},"f":{"0":4,"1":4,"2":0}}
,"D:\\React_Edureka_Classes\\assignments\\reduxCourseList\\course-test-app\\src\\Components\\ViewEnquires\\DisplayEnquiry.jsx": {"path":"D:\\React_Edureka_Classes\\assignments\\reduxCourseList\\course-test-app\\src\\Components\\ViewEnquires\\DisplayEnquiry.jsx","all":false,"statementMap":{"0":{"start":{"line":1,"column":0},"end":{"line":1,"column":26}},"1":{"start":{"line":2,"column":0},"end":{"line":2,"column":47}},"3":{"start":{"line":4,"column":0},"end":{"line":4,"column":35}},"5":{"start":{"line":6,"column":0},"end":{"line":6,"column":35}},"7":{"start":{"line":8,"column":0},"end":{"line":8,"column":47}},"8":{"start":{"line":9,"column":0},"end":{"line":9,"column":28}},"9":{"start":{"line":10,"column":0},"end":{"line":10,"column":46}},"10":{"start":{"line":11,"column":0},"end":{"line":11,"column":42}},"11":{"start":{"line":12,"column":0},"end":{"line":12,"column":40}},"12":{"start":{"line":13,"column":0},"end":{"line":13,"column":41}},"13":{"start":{"line":14,"column":0},"end":{"line":14,"column":47}},"14":{"start":{"line":15,"column":0},"end":{"line":15,"column":46}},"15":{"start":{"line":16,"column":0},"end":{"line":16,"column":50}},"16":{"start":{"line":17,"column":0},"end":{"line":17,"column":23}},"17":{"start":{"line":18,"column":0},"end":{"line":18,"column":14}},"18":{"start":{"line":19,"column":0},"end":{"line":19,"column":9}},"19":{"start":{"line":20,"column":0},"end":{"line":20,"column":5}},"21":{"start":{"line":22,"column":0},"end":{"line":22,"column":11}},"22":{"start":{"line":23,"column":0},"end":{"line":23,"column":13}},"23":{"start":{"line":24,"column":0},"end":{"line":24,"column":63}},"24":{"start":{"line":25,"column":0},"end":{"line":25,"column":23}},"25":{"start":{"line":26,"column":0},"end":{"line":26,"column":24}},"26":{"start":{"line":27,"column":0},"end":{"line":27,"column":58}},"27":{"start":{"line":28,"column":0},"end":{"line":28,"column":59}},"28":{"start":{"line":29,"column":0},"end":{"line":29,"column":66}},"29":{"start":{"line":30,"column":0},"end":{"line":30,"column":65}},"30":{"start":{"line":31,"column":0},"end":{"line":31,"column":61}},"31":{"start":{"line":32,"column":0},"end":{"line":32,"column":25}},"32":{"start":{"line":33,"column":0},"end":{"line":33,"column":24}},"33":{"start":{"line":34,"column":0},"end":{"line":34,"column":48}},"34":{"start":{"line":35,"column":0},"end":{"line":35,"column":59}},"35":{"start":{"line":36,"column":0},"end":{"line":36,"column":24}},"36":{"start":{"line":37,"column":0},"end":{"line":37,"column":20}},"37":{"start":{"line":38,"column":0},"end":{"line":38,"column":18}},"38":{"start":{"line":39,"column":0},"end":{"line":39,"column":18}},"39":{"start":{"line":40,"column":0},"end":{"line":40,"column":18}},"40":{"start":{"line":41,"column":0},"end":{"line":41,"column":62}},"41":{"start":{"line":42,"column":0},"end":{"line":42,"column":48}},"43":{"start":{"line":44,"column":0},"end":{"line":44,"column":21}},"44":{"start":{"line":45,"column":0},"end":{"line":45,"column":14}},"46":{"start":{"line":47,"column":0},"end":{"line":47,"column":1}},"48":{"start":{"line":49,"column":0},"end":{"line":49,"column":30}}},"s":{"0":1,"1":1,"3":1,"5":4,"7":4,"8":4,"9":4,"10":4,"11":4,"12":4,"13":4,"14":4,"15":4,"16":4,"17":4,"18":4,"19":4,"21":4,"22":4,"23":4,"24":4,"25":4,"26":4,"27":4,"28":4,"29":4,"30":4,"31":4,"32":4,"33":4,"34":4,"35":4,"36":4,"37":4,"38":4,"39":4,"40":4,"41":4,"43":4,"44":4,"46":4,"48":1},"branchMap":{"0":{"type":"branch","line":4,"loc":{"start":{"line":4,"column":23},"end":{"line":47,"column":1}},"locations":[{"start":{"line":4,"column":23},"end":{"line":47,"column":1}}]},"1":{"type":"branch","line":8,"loc":{"start":{"line":8,"column":29},"end":{"line":20,"column":5}},"locations":[{"start":{"line":8,"column":29},"end":{"line":20,"column":5}}]},"2":{"type":"branch","line":10,"loc":{"start":{"line":10,"column":35},"end":{"line":18,"column":13}},"locations":[{"start":{"line":10,"column":35},"end":{"line":18,"column":13}}]},"3":{"type":"branch","line":42,"loc":{"start":{"line":42,"column":25},"end":{"line":42,"column":48}},"locations":[{"start":{"line":42,"column":25},"end":{"line":42,"column":48}}]}},"b":{"0":[4],"1":[4],"2":[4],"3":[1]},"fnMap":{"0":{"name":"DisplayEnquiry","decl":{"start":{"line":4,"column":23},"end":{"line":47,"column":1}},"loc":{"start":{"line":4,"column":23},"end":{"line":47,"column":1}},"line":4},"1":{"name":"displayEnquiries","decl":{"start":{"line":8,"column":29},"end":{"line":20,"column":5}},"loc":{"start":{"line":8,"column":29},"end":{"line":20,"column":5}},"line":8},"2":{"name":"onClick","decl":{"start":{"line":42,"column":25},"end":{"line":42,"column":48}},"loc":{"start":{"line":42,"column":25},"end":{"line":42,"column":48}},"line":42}},"f":{"0":4,"1":4,"2":1}}
,"D:\\React_Edureka_Classes\\assignments\\reduxCourseList\\course-test-app\\src\\Components\\ViewEnquires\\ViewEnquires.jsx": {"path":"D:\\React_Edureka_Classes\\assignments\\reduxCourseList\\course-test-app\\src\\Components\\ViewEnquires\\ViewEnquires.jsx","all":false,"statementMap":{"0":{"start":{"line":1,"column":0},"end":{"line":1,"column":51}},"1":{"start":{"line":2,"column":0},"end":{"line":2,"column":50}},"2":{"start":{"line":3,"column":0},"end":{"line":3,"column":55}},"3":{"start":{"line":4,"column":0},"end":{"line":4,"column":70}},"6":{"start":{"line":7,"column":0},"end":{"line":7,"column":28}},"8":{"start":{"line":9,"column":0},"end":{"line":9,"column":61}},"9":{"start":{"line":10,"column":0},"end":{"line":10,"column":80}},"10":{"start":{"line":11,"column":0},"end":{"line":11,"column":35}},"12":{"start":{"line":13,"column":0},"end":{"line":13,"column":28}},"14":{"start":{"line":15,"column":0},"end":{"line":15,"column":21}},"15":{"start":{"line":16,"column":0},"end":{"line":16,"column":38}},"16":{"start":{"line":17,"column":0},"end":{"line":17,"column":19}},"18":{"start":{"line":19,"column":0},"end":{"line":19,"column":21}},"19":{"start":{"line":20,"column":0},"end":{"line":20,"column":24}},"20":{"start":{"line":21,"column":0},"end":{"line":21,"column":42}},"21":{"start":{"line":22,"column":0},"end":{"line":22,"column":22}},"23":{"start":{"line":24,"column":0},"end":{"line":24,"column":12}},"24":{"start":{"line":25,"column":0},"end":{"line":25,"column":35}},"25":{"start":{"line":26,"column":0},"end":{"line":26,"column":49}},"26":{"start":{"line":27,"column":0},"end":{"line":27,"column":47}},"27":{"start":{"line":28,"column":0},"end":{"line":28,"column":28}},"28":{"start":{"line":29,"column":0},"end":{"line":29,"column":49}},"29":{"start":{"line":30,"column":0},"end":{"line":30,"column":29}},"30":{"start":{"line":31,"column":0},"end":{"line":31,"column":22}},"31":{"start":{"line":32,"column":0},"end":{"line":32,"column":44}},"32":{"start":{"line":33,"column":0},"end":{"line":33,"column":66}},"33":{"start":{"line":34,"column":0},"end":{"line":34,"column":22}},"34":{"start":{"line":35,"column":0},"end":{"line":35,"column":18}},"35":{"start":{"line":36,"column":0},"end":{"line":36,"column":14}},"37":{"start":{"line":38,"column":0},"end":{"line":38,"column":1}},"39":{"start":{"line":40,"column":0},"end":{"line":40,"column":28}}},"s":{"0":1,"1":1,"2":1,"3":1,"6":1,"8":2,"9":2,"10":2,"12":2,"14":2,"15":1,"16":2,"18":2,"19":1,"20":1,"21":2,"23":2,"24":2,"25":2,"26":2,"27":2,"28":2,"29":2,"30":2,"31":2,"32":2,"33":2,"34":2,"35":2,"37":2,"39":1},"branchMap":{"0":{"type":"branch","line":7,"loc":{"start":{"line":7,"column":21},"end":{"line":38,"column":1}},"locations":[{"start":{"line":7,"column":21},"end":{"line":38,"column":1}}]},"1":{"type":"branch","line":10,"loc":{"start":{"line":10,"column":36},"end":{"line":10,"column":78}},"locations":[{"start":{"line":10,"column":36},"end":{"line":10,"column":78}}]},"2":{"type":"branch","line":15,"loc":{"start":{"line":15,"column":14},"end":{"line":17,"column":7}},"locations":[{"start":{"line":15,"column":14},"end":{"line":17,"column":7}}]},"3":{"type":"branch","line":19,"loc":{"start":{"line":19,"column":14},"end":{"line":22,"column":7}},"locations":[{"start":{"line":19,"column":14},"end":{"line":22,"column":7}}]}},"b":{"0":[2],"1":[3],"2":[1],"3":[1]},"fnMap":{"0":{"name":"ViewEnquires","decl":{"start":{"line":7,"column":21},"end":{"line":38,"column":1}},"loc":{"start":{"line":7,"column":21},"end":{"line":38,"column":1}},"line":7}},"f":{"0":2}}
,"D:\\React_Edureka_Classes\\assignments\\reduxCourseList\\course-test-app\\src\\store\\courseListSlice.jsx": {"path":"D:\\React_Edureka_Classes\\assignments\\reduxCourseList\\course-test-app\\src\\store\\courseListSlice.jsx","all":false,"statementMap":{"0":{"start":{"line":1,"column":0},"end":{"line":1,"column":65}},"1":{"start":{"line":2,"column":0},"end":{"line":2,"column":26}},"3":{"start":{"line":4,"column":0},"end":{"line":4,"column":22}},"4":{"start":{"line":5,"column":0},"end":{"line":5,"column":22}},"5":{"start":{"line":6,"column":0},"end":{"line":6,"column":22}},"6":{"start":{"line":7,"column":0},"end":{"line":7,"column":15}},"7":{"start":{"line":8,"column":0},"end":{"line":8,"column":1}},"9":{"start":{"line":10,"column":0},"end":{"line":10,"column":80}},"10":{"start":{"line":11,"column":0},"end":{"line":11,"column":69}},"11":{"start":{"line":12,"column":0},"end":{"line":12,"column":25}},"12":{"start":{"line":13,"column":0},"end":{"line":13,"column":3}},"14":{"start":{"line":15,"column":0},"end":{"line":15,"column":37}},"15":{"start":{"line":16,"column":0},"end":{"line":16,"column":23}},"16":{"start":{"line":17,"column":0},"end":{"line":17,"column":17}},"17":{"start":{"line":18,"column":0},"end":{"line":18,"column":16}},"18":{"start":{"line":19,"column":0},"end":{"line":19,"column":33}},"19":{"start":{"line":20,"column":0},"end":{"line":20,"column":59}},"20":{"start":{"line":21,"column":0},"end":{"line":21,"column":35}},"21":{"start":{"line":22,"column":0},"end":{"line":22,"column":10}},"22":{"start":{"line":23,"column":0},"end":{"line":23,"column":71}},"23":{"start":{"line":24,"column":0},"end":{"line":24,"column":36}},"24":{"start":{"line":25,"column":0},"end":{"line":25,"column":49}},"25":{"start":{"line":26,"column":0},"end":{"line":26,"column":10}},"26":{"start":{"line":27,"column":0},"end":{"line":27,"column":70}},"27":{"start":{"line":28,"column":0},"end":{"line":28,"column":36}},"28":{"start":{"line":29,"column":0},"end":{"line":29,"column":47}},"29":{"start":{"line":30,"column":0},"end":{"line":30,"column":10}},"30":{"start":{"line":31,"column":0},"end":{"line":31,"column":5}},"31":{"start":{"line":32,"column":0},"end":{"line":32,"column":3}},"33":{"start":{"line":34,"column":0},"end":{"line":34,"column":72}},"34":{"start":{"line":35,"column":0},"end":{"line":35,"column":39}}},"s":{"0":1,"1":1,"3":1,"4":1,"5":1,"6":1,"7":1,"9":1,"10":3,"11":1,"12":1,"14":1,"15":1,"16":1,"17":1,"18":1,"19":3,"20":4,"21":3,"22":3,"23":2,"24":2,"25":3,"26":3,"27":2,"28":2,"29":3,"30":3,"31":1,"33":1,"34":1},"branchMap":{"0":{"type":"branch","line":10,"loc":{"start":{"line":10,"column":68},"end":{"line":13,"column":3}},"locations":[{"start":{"line":10,"column":68},"end":{"line":13,"column":3}}]},"1":{"type":"branch","line":11,"loc":{"start":{"line":11,"column":68},"end":{"line":13,"column":3}},"locations":[{"start":{"line":11,"column":68},"end":{"line":13,"column":3}}]},"2":{"type":"branch","line":19,"loc":{"start":{"line":19,"column":19},"end":{"line":31,"column":5}},"locations":[{"start":{"line":19,"column":19},"end":{"line":31,"column":5}}]},"3":{"type":"branch","line":20,"loc":{"start":{"line":20,"column":49},"end":{"line":22,"column":9}},"locations":[{"start":{"line":20,"column":49},"end":{"line":22,"column":9}}]},"4":{"type":"branch","line":23,"loc":{"start":{"line":23,"column":51},"end":{"line":26,"column":9}},"locations":[{"start":{"line":23,"column":51},"end":{"line":26,"column":9}}]},"5":{"type":"branch","line":27,"loc":{"start":{"line":27,"column":50},"end":{"line":30,"column":9}},"locations":[{"start":{"line":27,"column":50},"end":{"line":30,"column":9}}]},"6":{"type":"branch","line":34,"loc":{"start":{"line":34,"column":32},"end":{"line":34,"column":72}},"locations":[{"start":{"line":34,"column":32},"end":{"line":34,"column":72}}]}},"b":{"0":[3],"1":[1],"2":[3],"3":[4],"4":[2],"5":[2],"6":[5]},"fnMap":{"0":{"name":"extraReducers","decl":{"start":{"line":19,"column":19},"end":{"line":31,"column":5}},"loc":{"start":{"line":19,"column":19},"end":{"line":31,"column":5}},"line":19},"1":{"name":"selectCourseList","decl":{"start":{"line":34,"column":32},"end":{"line":34,"column":72}},"loc":{"start":{"line":34,"column":32},"end":{"line":34,"column":72}},"line":34}},"f":{"0":3,"1":5}}
,"D:\\React_Edureka_Classes\\assignments\\reduxCourseList\\course-test-app\\src\\store\\enquiryFormSlice.jsx": {"path":"D:\\React_Edureka_Classes\\assignments\\reduxCourseList\\course-test-app\\src\\store\\enquiryFormSlice.jsx","all":false,"statementMap":{"0":{"start":{"line":1,"column":0},"end":{"line":1,"column":65}},"1":{"start":{"line":2,"column":0},"end":{"line":2,"column":26}},"3":{"start":{"line":4,"column":0},"end":{"line":4,"column":22}},"4":{"start":{"line":5,"column":0},"end":{"line":5,"column":27}},"5":{"start":{"line":6,"column":0},"end":{"line":6,"column":1}},"7":{"start":{"line":8,"column":0},"end":{"line":8,"column":92}},"8":{"start":{"line":9,"column":0},"end":{"line":9,"column":9}},"9":{"start":{"line":10,"column":0},"end":{"line":10,"column":98}},"10":{"start":{"line":11,"column":0},"end":{"line":11,"column":22}},"11":{"start":{"line":12,"column":0},"end":{"line":12,"column":45}},"12":{"start":{"line":13,"column":0},"end":{"line":13,"column":50}},"13":{"start":{"line":14,"column":0},"end":{"line":14,"column":13}},"14":{"start":{"line":15,"column":0},"end":{"line":15,"column":11}},"16":{"start":{"line":17,"column":0},"end":{"line":17,"column":29}},"17":{"start":{"line":18,"column":0},"end":{"line":18,"column":19}},"18":{"start":{"line":19,"column":0},"end":{"line":19,"column":19}},"19":{"start":{"line":20,"column":0},"end":{"line":20,"column":5}},"20":{"start":{"line":21,"column":0},"end":{"line":21,"column":3}},"22":{"start":{"line":23,"column":0},"end":{"line":23,"column":38}},"23":{"start":{"line":24,"column":0},"end":{"line":24,"column":24}},"24":{"start":{"line":25,"column":0},"end":{"line":25,"column":17}},"25":{"start":{"line":26,"column":0},"end":{"line":26,"column":17}},"26":{"start":{"line":27,"column":0},"end":{"line":27,"column":33}},"27":{"start":{"line":28,"column":0},"end":{"line":28,"column":15}},"28":{"start":{"line":29,"column":0},"end":{"line":29,"column":56}},"29":{"start":{"line":30,"column":0},"end":{"line":30,"column":47}},"30":{"start":{"line":31,"column":0},"end":{"line":31,"column":14}},"31":{"start":{"line":32,"column":0},"end":{"line":32,"column":58}},"32":{"start":{"line":33,"column":0},"end":{"line":33,"column":46}},"33":{"start":{"line":34,"column":0},"end":{"line":34,"column":14}},"34":{"start":{"line":35,"column":0},"end":{"line":35,"column":57}},"35":{"start":{"line":36,"column":0},"end":{"line":36,"column":47}},"36":{"start":{"line":37,"column":0},"end":{"line":37,"column":14}},"37":{"start":{"line":38,"column":0},"end":{"line":38,"column":6}},"38":{"start":{"line":39,"column":0},"end":{"line":39,"column":3}},"40":{"start":{"line":41,"column":0},"end":{"line":41,"column":83}},"41":{"start":{"line":42,"column":0},"end":{"line":42,"column":40}}},"s":{"0":1,"1":1,"3":1,"4":1,"5":1,"7":1,"8":2,"9":2,"10":2,"11":2,"12":2,"13":2,"14":2,"16":1,"17":1,"18":1,"19":1,"20":2,"22":1,"23":1,"24":1,"25":1,"26":1,"27":2,"28":2,"29":1,"30":2,"31":2,"32":1,"33":2,"34":2,"35":1,"36":2,"37":2,"38":1,"40":1,"41":1},"branchMap":{"0":{"type":"branch","line":8,"loc":{"start":{"line":8,"column":75},"end":{"line":21,"column":3}},"locations":[{"start":{"line":8,"column":75},"end":{"line":21,"column":3}}]},"1":{"type":"branch","line":15,"loc":{"start":{"line":15,"column":9},"end":{"line":20,"column":5}},"locations":[{"start":{"line":15,"column":9},"end":{"line":20,"column":5}}]},"2":{"type":"branch","line":27,"loc":{"start":{"line":27,"column":19},"end":{"line":38,"column":6}},"locations":[{"start":{"line":27,"column":19},"end":{"line":38,"column":6}}]},"3":{"type":"branch","line":29,"loc":{"start":{"line":29,"column":44},"end":{"line":31,"column":13}},"locations":[{"start":{"line":29,"column":44},"end":{"line":31,"column":13}}]},"4":{"type":"branch","line":32,"loc":{"start":{"line":32,"column":46},"end":{"line":34,"column":13}},"locations":[{"start":{"line":32,"column":46},"end":{"line":34,"column":13}}]},"5":{"type":"branch","line":35,"loc":{"start":{"line":35,"column":45},"end":{"line":37,"column":13}},"locations":[{"start":{"line":35,"column":45},"end":{"line":37,"column":13}}]}},"b":{"0":[2],"1":[1],"2":[2],"3":[1],"4":[1],"5":[1]},"fnMap":{"0":{"name":"extraReducers","decl":{"start":{"line":27,"column":19},"end":{"line":38,"column":6}},"loc":{"start":{"line":27,"column":19},"end":{"line":38,"column":6}},"line":27},"1":{"name":"selectEnquiryIsSuccess","decl":{"start":{"line":41,"column":38},"end":{"line":41,"column":83}},"loc":{"start":{"line":41,"column":38},"end":{"line":41,"column":83}},"line":41}},"f":{"0":2,"1":0}}
,"D:\\React_Edureka_Classes\\assignments\\reduxCourseList\\course-test-app\\src\\store\\store.jsx": {"path":"D:\\React_Edureka_Classes\\assignments\\reduxCourseList\\course-test-app\\src\\store\\store.jsx","all":true,"statementMap":{"0":{"start":{"line":1,"column":0},"end":{"line":1,"column":66}},"1":{"start":{"line":2,"column":0},"end":{"line":2,"column":50}},"2":{"start":{"line":3,"column":0},"end":{"line":3,"column":52}},"3":{"start":{"line":4,"column":0},"end":{"line":4,"column":54}},"5":{"start":{"line":6,"column":0},"end":{"line":6,"column":37}},"6":{"start":{"line":7,"column":0},"end":{"line":7,"column":38}},"7":{"start":{"line":8,"column":0},"end":{"line":8,"column":40}},"8":{"start":{"line":9,"column":0},"end":{"line":9,"column":41}},"9":{"start":{"line":10,"column":0},"end":{"line":10,"column":7}},"11":{"start":{"line":12,"column":0},"end":{"line":12,"column":34}},"12":{"start":{"line":13,"column":0},"end":{"line":13,"column":27}},"13":{"start":{"line":14,"column":0},"end":{"line":14,"column":25}},"14":{"start":{"line":15,"column":0},"end":{"line":15,"column":18}},"15":{"start":{"line":16,"column":0},"end":{"line":16,"column":4}},"17":{"start":{"line":18,"column":0},"end":{"line":18,"column":21}}},"s":{"0":0,"1":0,"2":0,"3":0,"5":0,"6":0,"7":0,"8":0,"9":0,"11":0,"12":0,"13":0,"14":0,"15":0,"17":0},"branchMap":{"0":{"type":"branch","line":1,"loc":{"start":{"line":1,"column":548},"end":{"line":18,"column":21}},"locations":[{"start":{"line":1,"column":548},"end":{"line":18,"column":21}}]}},"b":{"0":[0]},"fnMap":{"0":{"name":"(empty-report)","decl":{"start":{"line":1,"column":548},"end":{"line":18,"column":21}},"loc":{"start":{"line":1,"column":548},"end":{"line":18,"column":21}},"line":1}},"f":{"0":0}}
,"D:\\React_Edureka_Classes\\assignments\\reduxCourseList\\course-test-app\\src\\store\\viewEnquiresSlice.jsx": {"path":"D:\\React_Edureka_Classes\\assignments\\reduxCourseList\\course-test-app\\src\\store\\viewEnquiresSlice.jsx","all":false,"statementMap":{"0":{"start":{"line":1,"column":0},"end":{"line":1,"column":65}},"1":{"start":{"line":2,"column":0},"end":{"line":2,"column":26}},"3":{"start":{"line":4,"column":0},"end":{"line":4,"column":22}},"4":{"start":{"line":5,"column":0},"end":{"line":5,"column":20}},"5":{"start":{"line":6,"column":0},"end":{"line":6,"column":21}},"6":{"start":{"line":7,"column":0},"end":{"line":7,"column":15}},"7":{"start":{"line":8,"column":0},"end":{"line":8,"column":1}},"9":{"start":{"line":10,"column":0},"end":{"line":10,"column":86}},"10":{"start":{"line":11,"column":0},"end":{"line":11,"column":70}},"11":{"start":{"line":12,"column":0},"end":{"line":12,"column":26}},"12":{"start":{"line":13,"column":0},"end":{"line":13,"column":2}},"14":{"start":{"line":15,"column":0},"end":{"line":15,"column":34}},"15":{"start":{"line":16,"column":0},"end":{"line":16,"column":25}},"16":{"start":{"line":17,"column":0},"end":{"line":17,"column":17}},"17":{"start":{"line":18,"column":0},"end":{"line":18,"column":16}},"18":{"start":{"line":19,"column":0},"end":{"line":19,"column":33}},"19":{"start":{"line":20,"column":0},"end":{"line":20,"column":15}},"20":{"start":{"line":21,"column":0},"end":{"line":21,"column":54}},"21":{"start":{"line":22,"column":0},"end":{"line":22,"column":34}},"22":{"start":{"line":23,"column":0},"end":{"line":23,"column":10}},"23":{"start":{"line":24,"column":0},"end":{"line":24,"column":66}},"24":{"start":{"line":25,"column":0},"end":{"line":25,"column":36}},"25":{"start":{"line":26,"column":0},"end":{"line":26,"column":48}},"26":{"start":{"line":27,"column":0},"end":{"line":27,"column":10}},"27":{"start":{"line":28,"column":0},"end":{"line":28,"column":65}},"28":{"start":{"line":29,"column":0},"end":{"line":29,"column":47}},"29":{"start":{"line":30,"column":0},"end":{"line":30,"column":36}},"30":{"start":{"line":31,"column":0},"end":{"line":31,"column":10}},"31":{"start":{"line":32,"column":0},"end":{"line":32,"column":5}},"32":{"start":{"line":33,"column":0},"end":{"line":33,"column":3}},"34":{"start":{"line":35,"column":0},"end":{"line":35,"column":36}}},"s":{"0":1,"1":1,"3":1,"4":1,"5":1,"6":1,"7":1,"9":1,"10":0,"11":0,"12":0,"14":1,"15":1,"16":1,"17":1,"18":1,"19":3,"20":3,"21":1,"22":3,"23":3,"24":1,"25":1,"26":3,"27":3,"28":1,"29":1,"30":3,"31":3,"32":1,"34":1},"branchMap":{"0":{"type":"branch","line":19,"loc":{"start":{"line":19,"column":19},"end":{"line":32,"column":5}},"locations":[{"start":{"line":19,"column":19},"end":{"line":32,"column":5}}]},"1":{"type":"branch","line":21,"loc":{"start":{"line":21,"column":44},"end":{"line":23,"column":9}},"locations":[{"start":{"line":21,"column":44},"end":{"line":23,"column":9}}]},"2":{"type":"branch","line":24,"loc":{"start":{"line":24,"column":46},"end":{"line":27,"column":9}},"locations":[{"start":{"line":24,"column":46},"end":{"line":27,"column":9}}]},"3":{"type":"branch","line":28,"loc":{"start":{"line":28,"column":45},"end":{"line":31,"column":9}},"locations":[{"start":{"line":28,"column":45},"end":{"line":31,"column":9}}]}},"b":{"0":[3],"1":[1],"2":[1],"3":[1]},"fnMap":{"0":{"name":"extraReducers","decl":{"start":{"line":19,"column":19},"end":{"line":32,"column":5}},"loc":{"start":{"line":19,"column":19},"end":{"line":32,"column":5}},"line":19}},"f":{"0":3}}
,"D:\\React_Edureka_Classes\\assignments\\reduxCourseList\\course-test-app\\utils\\test-utils.jsx": {"path":"D:\\React_Edureka_Classes\\assignments\\reduxCourseList\\course-test-app\\utils\\test-utils.jsx","all":false,"statementMap":{"0":{"start":{"line":1,"column":0},"end":{"line":1,"column":48}},"1":{"start":{"line":2,"column":0},"end":{"line":2,"column":50}},"2":{"start":{"line":3,"column":0},"end":{"line":3,"column":39}},"5":{"start":{"line":6,"column":0},"end":{"line":6,"column":61}},"6":{"start":{"line":7,"column":0},"end":{"line":7,"column":63}},"7":{"start":{"line":8,"column":0},"end":{"line":8,"column":65}},"9":{"start":{"line":10,"column":0},"end":{"line":10,"column":36}},"10":{"start":{"line":11,"column":0},"end":{"line":11,"column":5}},"11":{"start":{"line":12,"column":0},"end":{"line":12,"column":3}},"12":{"start":{"line":13,"column":0},"end":{"line":13,"column":24}},"14":{"start":{"line":15,"column":0},"end":{"line":15,"column":28}},"15":{"start":{"line":16,"column":0},"end":{"line":16,"column":16}},"16":{"start":{"line":17,"column":0},"end":{"line":17,"column":38}},"17":{"start":{"line":18,"column":0},"end":{"line":18,"column":40}},"18":{"start":{"line":19,"column":0},"end":{"line":19,"column":41}},"19":{"start":{"line":20,"column":0},"end":{"line":20,"column":6}},"20":{"start":{"line":21,"column":0},"end":{"line":21,"column":21}},"21":{"start":{"line":22,"column":0},"end":{"line":22,"column":7}},"22":{"start":{"line":23,"column":0},"end":{"line":23,"column":20}},"23":{"start":{"line":24,"column":0},"end":{"line":24,"column":8}},"24":{"start":{"line":25,"column":0},"end":{"line":25,"column":3}},"25":{"start":{"line":26,"column":0},"end":{"line":26,"column":34}},"26":{"start":{"line":27,"column":0},"end":{"line":27,"column":57}},"27":{"start":{"line":28,"column":0},"end":{"line":28,"column":3}},"30":{"start":{"line":31,"column":0},"end":{"line":31,"column":74}},"31":{"start":{"line":32,"column":0},"end":{"line":32,"column":1}}},"s":{"0":1,"1":1,"2":1,"5":1,"6":1,"7":1,"9":1,"10":1,"11":1,"12":1,"14":1,"15":1,"16":1,"17":1,"18":1,"19":1,"20":1,"21":1,"22":1,"23":1,"24":1,"25":1,"26":1,"27":1,"30":1,"31":1},"branchMap":{"0":{"type":"branch","line":10,"loc":{"start":{"line":10,"column":7},"end":{"line":32,"column":1}},"locations":[{"start":{"line":10,"column":7},"end":{"line":32,"column":1}}]},"1":{"type":"branch","line":26,"loc":{"start":{"line":26,"column":2},"end":{"line":28,"column":3}},"locations":[{"start":{"line":26,"column":2},"end":{"line":28,"column":3}}]}},"b":{"0":[1],"1":[1]},"fnMap":{"0":{"name":"renderWithProviders","decl":{"start":{"line":10,"column":7},"end":{"line":32,"column":1}},"loc":{"start":{"line":10,"column":7},"end":{"line":32,"column":1}},"line":10},"1":{"name":"Wrapper","decl":{"start":{"line":26,"column":2},"end":{"line":28,"column":3}},"loc":{"start":{"line":26,"column":2},"end":{"line":28,"column":3}},"line":26}},"f":{"0":1,"1":1}}
}
